Determining if the pthread_create exist failed with the following output:
Change Dir: /home/nvidia/SoftwareDevelopment/C++/talon/bin/CMakeFiles/CMakeTmp

Run Build Command:"/usr/bin/make" "cmTC_1d86b/fast"
/usr/bin/make -f CMakeFiles/cmTC_1d86b.dir/build.make CMakeFiles/cmTC_1d86b.dir/build
make[1]: Entering directory '/home/nvidia/SoftwareDevelopment/C++/talon/bin/CMakeFiles/CMakeTmp'
Building C object CMakeFiles/cmTC_1d86b.dir/CheckSymbolExists.c.o
/usr/bin/cc     -o CMakeFiles/cmTC_1d86b.dir/CheckSymbolExists.c.o   -c /home/nvidia/SoftwareDevelopment/C++/talon/bin/CMakeFiles/CMakeTmp/CheckSymbolExists.c
Linking C executable cmTC_1d86b
/usr/bin/cmake -E cmake_link_script CMakeFiles/cmTC_1d86b.dir/link.txt --verbose=1
/usr/bin/cc       CMakeFiles/cmTC_1d86b.dir/CheckSymbolExists.c.o  -o cmTC_1d86b -rdynamic 
CMakeFiles/cmTC_1d86b.dir/CheckSymbolExists.c.o: In function `main':
CheckSymbolExists.c:(.text+0x14): undefined reference to `pthread_create'
CheckSymbolExists.c:(.text+0x18): undefined reference to `pthread_create'
collect2: error: ld returned 1 exit status
CMakeFiles/cmTC_1d86b.dir/build.make:97: recipe for target 'cmTC_1d86b' failed
make[1]: *** [cmTC_1d86b] Error 1
make[1]: Leaving directory '/home/nvidia/SoftwareDevelopment/C++/talon/bin/CMakeFiles/CMakeTmp'
Makefile:126: recipe for target 'cmTC_1d86b/fast' failed
make: *** [cmTC_1d86b/fast] Error 2

File /home/nvidia/SoftwareDevelopment/C++/talon/bin/CMakeFiles/CMakeTmp/CheckSymbolExists.c:
/* */
#include <pthread.h>

int main(int argc, char** argv)
{
  (void)argv;
#ifndef pthread_create
  return ((int*)(&pthread_create))[argc];
#else
  (void)argc;
  return 0;
#endif
}

